<?xml version="1.0" encoding="UTF-8"?>
<testng-results ignored="0" total="4" passed="4" failed="0" skipped="0">
  <reporter-output>
  </reporter-output>
  <suite started-at="2023-09-28T11:11:01 CDT" name="PetStoresSuite" finished-at="2023-09-28T11:11:10 CDT" duration-ms="8419">
    <groups>
    </groups>
    <test started-at="2023-09-28T11:11:01 CDT" name="Test" finished-at="2023-09-28T11:11:10 CDT" duration-ms="8419">
      <class name="api.tests.UserTests2">
        <test-method is-config="true" signature="setUpUserData()[pri:0, instance:api.tests.UserTests2@f1da57d]" started-at="2023-09-28T11:11:02 CDT" name="setUpUserData" finished-at="2023-09-28T11:11:03 CDT" duration-ms="1548" status="PASS">
          <reporter-output>
          </reporter-output>
        </test-method> <!-- setUpUserData -->
        <test-method signature="testCreateNewUser()[pri:1, instance:api.tests.UserTests2@f1da57d]" started-at="2023-09-28T11:11:03 CDT" name="testCreateNewUser" finished-at="2023-09-28T11:11:08 CDT" duration-ms="4820" status="PASS">
          <reporter-output>
          </reporter-output>
        </test-method> <!-- testCreateNewUser -->
        <test-method signature="getUserDetails()[pri:2, instance:api.tests.UserTests2@f1da57d]" started-at="2023-09-28T11:11:08 CDT" name="getUserDetails" finished-at="2023-09-28T11:11:09 CDT" duration-ms="377" status="PASS">
          <reporter-output>
          </reporter-output>
        </test-method> <!-- getUserDetails -->
        <test-method signature="updateExistingUser()[pri:3, instance:api.tests.UserTests2@f1da57d]" started-at="2023-09-28T11:11:09 CDT" name="updateExistingUser" finished-at="2023-09-28T11:11:09 CDT" duration-ms="619" status="PASS">
          <reporter-output>
          </reporter-output>
        </test-method> <!-- updateExistingUser -->
        <test-method signature="deleteExistingUser()[pri:4, instance:api.tests.UserTests2@f1da57d]" started-at="2023-09-28T11:11:09 CDT" name="deleteExistingUser" finished-at="2023-09-28T11:11:10 CDT" duration-ms="296" status="PASS">
          <reporter-output>
          </reporter-output>
        </test-method> <!-- deleteExistingUser -->
      </class> <!-- api.tests.UserTests2 -->
    </test> <!-- Test -->
  </suite> <!-- PetStoresSuite -->
</testng-results>
